# Logfile created on 2018-11-29 12:22:06 -0500 by logger.rb/56438
  INFO ---------------------------------------------------------------------------
  INFO START 2018-11-29 12:22:06 -0500 cap dev ojs:update:themes
  INFO ---------------------------------------------------------------------------
  INFO [903fab7d] Running /usr/bin/env mkdir -p /tmp as cdrsserv@all-nginx-dev1.cul.columbia.edu
 DEBUG [903fab7d] Command: /usr/bin/env mkdir -p /tmp
  INFO [903fab7d] Finished in 0.188 seconds with exit status 0 (successful).
 DEBUG Uploading /tmp/git-ssh-app_name-dev-etm2129.sh 0.0%
  INFO Uploading /tmp/git-ssh-app_name-dev-etm2129.sh 100.0%
  INFO [e1a46f89] Running /usr/bin/env chmod 700 /tmp/git-ssh-app_name-dev-etm2129.sh as cdrsserv@all-nginx-dev1.cul.columbia.edu
 DEBUG [e1a46f89] Command: /usr/bin/env chmod 700 /tmp/git-ssh-app_name-dev-etm2129.sh
  INFO [e1a46f89] Finished in 5.060 seconds with exit status 0 (successful).
  INFO [ae24f18b] Running /usr/bin/env git ls-remote git@github.com:cul/ds-ojs.git HEAD as cdrsserv@all-nginx-dev1.cul.columbia.edu
 DEBUG [ae24f18b] Command: ( export GIT_ASKPASS="/bin/echo" GIT_SSH="/tmp/git-ssh-app_name-dev-etm2129.sh" ; /usr/bin/env git ls-remote git@github.com:cul/ds-ojs.git HEAD )
 DEBUG [ae24f18b] 	a12835095cbf50be1b70a49c328efe3c55934b78	HEAD
  INFO [ae24f18b] Finished in 0.535 seconds with exit status 0 (successful).
  INFO [42e46531] Running /usr/bin/env mkdir -p /var/www/cdrs/app_name_dev/shared /var/www/cdrs/app_name_dev/releases as cdrsserv@all-nginx-dev1.cul.columbia.edu
 DEBUG [42e46531] Command: /usr/bin/env mkdir -p /var/www/cdrs/app_name_dev/shared /var/www/cdrs/app_name_dev/releases
  INFO [42e46531] Finished in 0.090 seconds with exit status 0 (successful).
 DEBUG [1de60503] Running [ -f /var/www/cdrs/app_name_dev/current/REVISION ] as cdrsserv@all-nginx-dev1.cul.columbia.edu
 DEBUG [1de60503] Command: [ -f /var/www/cdrs/app_name_dev/current/REVISION ]
 DEBUG [1de60503] Finished in 0.089 seconds with exit status 1 (failed).
 DEBUG [61f436e1] Running [ -f /var/www/cdrs/app_name_dev/repo/HEAD ] as cdrsserv@all-nginx-dev1.cul.columbia.edu
 DEBUG [61f436e1] Command: [ -f /var/www/cdrs/app_name_dev/repo/HEAD ]
 DEBUG [61f436e1] Finished in 0.089 seconds with exit status 1 (failed).
 DEBUG [2778e3e3] Running if test ! -d /var/www/cdrs/app_name_dev; then echo "Directory does not exist '/var/www/cdrs/app_name_dev'" 1>&2; false; fi as cdrsserv@all-nginx-dev1.cul.columbia.edu
 DEBUG [2778e3e3] Command: if test ! -d /var/www/cdrs/app_name_dev; then echo "Directory does not exist '/var/www/cdrs/app_name_dev'" 1>&2; false; fi
 DEBUG [2778e3e3] Finished in 0.089 seconds with exit status 0 (successful).
  INFO [09cbcd0a] Running /usr/bin/env git clone --mirror git@github.com:cul/ds-ojs.git /var/www/cdrs/app_name_dev/repo as cdrsserv@all-nginx-dev1.cul.columbia.edu
 DEBUG [09cbcd0a] Command: cd /var/www/cdrs/app_name_dev && ( export GIT_ASKPASS="/bin/echo" GIT_SSH="/tmp/git-ssh-app_name-dev-etm2129.sh" ; /usr/bin/env git clone --mirror git@github.com:cul/ds-ojs.git /var/www/cdrs/app_name_dev/repo )
 DEBUG [09cbcd0a] 	Initialized empty Git repository in /var/www/cdrs/app_name_dev/repo/
  INFO [09cbcd0a] Finished in 0.554 seconds with exit status 0 (successful).
 DEBUG [c7213281] Running if test ! -d /var/www/cdrs/app_name_dev/repo; then echo "Directory does not exist '/var/www/cdrs/app_name_dev/repo'" 1>&2; false; fi as cdrsserv@all-nginx-dev1.cul.columbia.edu
 DEBUG [c7213281] Command: if test ! -d /var/www/cdrs/app_name_dev/repo; then echo "Directory does not exist '/var/www/cdrs/app_name_dev/repo'" 1>&2; false; fi
 DEBUG [c7213281] Finished in 0.090 seconds with exit status 0 (successful).
  INFO [d2be912d] Running /usr/bin/env git remote set-url origin git@github.com:cul/ds-ojs.git as cdrsserv@all-nginx-dev1.cul.columbia.edu
 DEBUG [d2be912d] Command: cd /var/www/cdrs/app_name_dev/repo && ( export GIT_ASKPASS="/bin/echo" GIT_SSH="/tmp/git-ssh-app_name-dev-etm2129.sh" ; /usr/bin/env git remote set-url origin git@github.com:cul/ds-ojs.git )
  INFO [d2be912d] Finished in 0.097 seconds with exit status 0 (successful).
  INFO [44b73aeb] Running /usr/bin/env git remote update --prune as cdrsserv@all-nginx-dev1.cul.columbia.edu
 DEBUG [44b73aeb] Command: cd /var/www/cdrs/app_name_dev/repo && ( export GIT_ASKPASS="/bin/echo" GIT_SSH="/tmp/git-ssh-app_name-dev-etm2129.sh" ; /usr/bin/env git remote update --prune )
 DEBUG [44b73aeb] 	Fetching origin
  INFO [44b73aeb] Finished in 0.417 seconds with exit status 0 (successful).
 DEBUG [24630cce] Running if test ! -d /var/www/cdrs/app_name_dev/repo; then echo "Directory does not exist '/var/www/cdrs/app_name_dev/repo'" 1>&2; false; fi as cdrsserv@all-nginx-dev1.cul.columbia.edu
 DEBUG [24630cce] Command: if test ! -d /var/www/cdrs/app_name_dev/repo; then echo "Directory does not exist '/var/www/cdrs/app_name_dev/repo'" 1>&2; false; fi
 DEBUG [24630cce] Finished in 0.087 seconds with exit status 0 (successful).
  INFO [c8361d4d] Running /usr/bin/env mkdir -p /var/www/cdrs/app_name_dev/releases/20181129172212 as cdrsserv@all-nginx-dev1.cul.columbia.edu
 DEBUG [c8361d4d] Command: cd /var/www/cdrs/app_name_dev/repo && ( export GIT_ASKPASS="/bin/echo" GIT_SSH="/tmp/git-ssh-app_name-dev-etm2129.sh" ; /usr/bin/env mkdir -p /var/www/cdrs/app_name_dev/releases/20181129172212 )
  INFO [c8361d4d] Finished in 0.093 seconds with exit status 0 (successful).
  INFO [7edc17ee] Running /usr/bin/env git archive master | /usr/bin/env tar -x -f - -C /var/www/cdrs/app_name_dev/releases/20181129172212 as cdrsserv@all-nginx-dev1.cul.columbia.edu
 DEBUG [7edc17ee] Command: cd /var/www/cdrs/app_name_dev/repo && ( export GIT_ASKPASS="/bin/echo" GIT_SSH="/tmp/git-ssh-app_name-dev-etm2129.sh" ; /usr/bin/env git archive master | /usr/bin/env tar -x -f - -C /var/www/cdrs/app_name_dev/releases/20181129172212 )
  INFO [7edc17ee] Finished in 0.144 seconds with exit status 0 (successful).
 DEBUG [18fda8f0] Running if test ! -d /var/www/cdrs/app_name_dev/repo; then echo "Directory does not exist '/var/www/cdrs/app_name_dev/repo'" 1>&2; false; fi as cdrsserv@all-nginx-dev1.cul.columbia.edu
 DEBUG [18fda8f0] Command: if test ! -d /var/www/cdrs/app_name_dev/repo; then echo "Directory does not exist '/var/www/cdrs/app_name_dev/repo'" 1>&2; false; fi
 DEBUG [18fda8f0] Finished in 0.088 seconds with exit status 0 (successful).
 DEBUG [0cee024f] Running /usr/bin/env git rev-list --max-count=1 master as cdrsserv@all-nginx-dev1.cul.columbia.edu
 DEBUG [0cee024f] Command: cd /var/www/cdrs/app_name_dev/repo && ( export GIT_ASKPASS="/bin/echo" GIT_SSH="/tmp/git-ssh-app_name-dev-etm2129.sh" ; /usr/bin/env git rev-list --max-count=1 master )
 DEBUG [0cee024f] 	a12835095cbf50be1b70a49c328efe3c55934b78
 DEBUG [0cee024f] Finished in 0.102 seconds with exit status 0 (successful).
 DEBUG [28a5f951] Running if test ! -d /var/www/cdrs/app_name_dev/releases/20181129172212; then echo "Directory does not exist '/var/www/cdrs/app_name_dev/releases/20181129172212'" 1>&2; false; fi as cdrsserv@all-nginx-dev1.cul.columbia.edu
 DEBUG [28a5f951] Command: if test ! -d /var/www/cdrs/app_name_dev/releases/20181129172212; then echo "Directory does not exist '/var/www/cdrs/app_name_dev/releases/20181129172212'" 1>&2; false; fi
 DEBUG [28a5f951] Finished in 0.090 seconds with exit status 0 (successful).
  INFO [ca897be3] Running /usr/bin/env echo "a12835095cbf50be1b70a49c328efe3c55934b78" >> REVISION as cdrsserv@all-nginx-dev1.cul.columbia.edu
 DEBUG [ca897be3] Command: cd /var/www/cdrs/app_name_dev/releases/20181129172212 && /usr/bin/env echo "a12835095cbf50be1b70a49c328efe3c55934b78" >> REVISION
  INFO [ca897be3] Finished in 0.094 seconds with exit status 0 (successful).
  INFO [ccf8aae5] Running /usr/bin/env ln -s /var/www/cdrs/app_name_dev/releases/20181129172212 /var/www/cdrs/app_name_dev/releases/current as cdrsserv@all-nginx-dev1.cul.columbia.edu
 DEBUG [ccf8aae5] Command: /usr/bin/env ln -s /var/www/cdrs/app_name_dev/releases/20181129172212 /var/www/cdrs/app_name_dev/releases/current
  INFO [ccf8aae5] Finished in 0.091 seconds with exit status 0 (successful).
  INFO [895972e5] Running /usr/bin/env mv /var/www/cdrs/app_name_dev/releases/current /var/www/cdrs/app_name_dev as cdrsserv@all-nginx-dev1.cul.columbia.edu
 DEBUG [895972e5] Command: /usr/bin/env mv /var/www/cdrs/app_name_dev/releases/current /var/www/cdrs/app_name_dev
  INFO [895972e5] Finished in 0.091 seconds with exit status 0 (successful).
 DEBUG [c7cdef5f] Running /usr/bin/env ls -x /var/www/cdrs/app_name_dev/releases as cdrsserv@all-nginx-dev1.cul.columbia.edu
 DEBUG [c7cdef5f] Command: /usr/bin/env ls -x /var/www/cdrs/app_name_dev/releases
 DEBUG [c7cdef5f] 	20181129172212
 DEBUG [c7cdef5f] Finished in 0.092 seconds with exit status 0 (successful).
 DEBUG [756e94f5] Running if test ! -d /var/www/cdrs/app_name_dev/releases; then echo "Directory does not exist '/var/www/cdrs/app_name_dev/releases'" 1>&2; false; fi as cdrsserv@all-nginx-dev1.cul.columbia.edu
 DEBUG [756e94f5] Command: if test ! -d /var/www/cdrs/app_name_dev/releases; then echo "Directory does not exist '/var/www/cdrs/app_name_dev/releases'" 1>&2; false; fi
 DEBUG [756e94f5] Finished in 0.091 seconds with exit status 0 (successful).
  INFO [95835db8] Running /usr/bin/env echo "Branch master (at a12835095cbf50be1b70a49c328efe3c55934b78) deployed as release 20181129172212 by etm2129" >> /var/www/cdrs/app_name_dev/revisions.log as cdrsserv@all-nginx-dev1.cul.columbia.edu
 DEBUG [95835db8] Command: cd /var/www/cdrs/app_name_dev/releases && /usr/bin/env echo "Branch master (at a12835095cbf50be1b70a49c328efe3c55934b78) deployed as release 20181129172212 by etm2129" >> /var/www/cdrs/app_name_dev/revisions.log
  INFO [95835db8] Finished in 0.095 seconds with exit status 0 (successful).
  INFO [b77e4db4] Running /usr/bin/env cp -a /var/www/cdrs/app_name_dev/current/plugins/themes/. /var/www/cdrs/app_name_dev/html/plugins/themes/ as cdrsserv@all-nginx-dev1.cul.columbia.edu
 DEBUG [b77e4db4] Command: /usr/bin/env cp -a /var/www/cdrs/app_name_dev/current/plugins/themes/. /var/www/cdrs/app_name_dev/html/plugins/themes/
 DEBUG [b77e4db4] 	cp: 
 DEBUG [b77e4db4] 	cannot create directory `/var/www/cdrs/app_name_dev/html/plugins/themes/'
 DEBUG [b77e4db4] 	: No such file or directory
 DEBUG [b77e4db4] 	
